  Graphics2D.cpp
C:\Users\Thomas Popay\source\repos\Digit Recogniser\OpenGL\src\Graphics2D.cpp(29,27): warning C4244: '=': conversion from 'double' to 'float', possible loss of data
C:\Users\Thomas Popay\source\repos\Digit Recogniser\OpenGL\src\Graphics2D.cpp(30,27): warning C4244: '=': conversion from 'double' to 'float', possible loss of data
C:\Users\Thomas Popay\source\repos\Digit Recogniser\OpenGL\src\Graphics2D.cpp(483,49): warning C4244: '-=': conversion from 'double' to 'float', possible loss of data
C:\Users\Thomas Popay\source\repos\Digit Recogniser\OpenGL\src\Graphics2D.cpp(484,43): warning C4244: '=': conversion from 'double' to 'float', possible loss of data
C:\Users\Thomas Popay\source\repos\Digit Recogniser\OpenGL\src\Graphics2D.cpp(489,45): warning C4244: '+=': conversion from 'double' to 'float', possible loss of data
  Application.cpp
C:\Users\Thomas Popay\source\repos\Digit Recogniser\OpenGL\src\Application.cpp(97,19): warning C4018: '>=': signed/unsigned mismatch
C:\Users\Thomas Popay\source\repos\Digit Recogniser\OpenGL\src\Application.cpp(101,19): warning C4018: '>=': signed/unsigned mismatch
C:\Users\Thomas Popay\source\repos\Digit Recogniser\OpenGL\src\Application.cpp(105,19): warning C4018: '>=': signed/unsigned mismatch
C:\Users\Thomas Popay\source\repos\Digit Recogniser\OpenGL\src\Application.cpp(117,19): warning C4018: '>=': signed/unsigned mismatch
C:\Users\Thomas Popay\source\repos\Digit Recogniser\OpenGL\src\Application.cpp(213,11): warning C4244: 'initializing': conversion from 'double' to 'int', possible loss of data
C:\Users\Thomas Popay\source\repos\Digit Recogniser\OpenGL\src\Application.cpp(214,11): warning C4244: 'initializing': conversion from 'double' to 'int', possible loss of data
C:\Users\Thomas Popay\source\repos\Digit Recogniser\OpenGL\src\Application.cpp(238,61): warning C4244: 'argument': conversion from 'double' to 'float', possible loss of data
C:\Users\Thomas Popay\source\repos\Digit Recogniser\OpenGL\src\Application.cpp(238,48): warning C4244: 'argument': conversion from 'double' to 'float', possible loss of data
C:\Users\Thomas Popay\source\repos\Digit Recogniser\OpenGL\src\Application.cpp(238,35): warning C4244: 'argument': conversion from 'double' to 'float', possible loss of data
C:\Users\Thomas Popay\source\repos\Digit Recogniser\OpenGL\src\Application.cpp(239,75): warning C4244: 'argument': conversion from 'double' to 'float', possible loss of data
C:\Users\Thomas Popay\source\repos\Digit Recogniser\OpenGL\src\Application.cpp(239,64): warning C4244: 'argument': conversion from 'double' to 'float', possible loss of data
C:\Users\Thomas Popay\source\repos\Digit Recogniser\OpenGL\src\Application.cpp(239,39): warning C4244: 'argument': conversion from 'double' to 'float', possible loss of data
C:\Users\Thomas Popay\source\repos\Digit Recogniser\OpenGL\src\Application.cpp(239,32): warning C4244: 'argument': conversion from 'double' to 'float', possible loss of data
  maths.cpp
  Previous IPDB not found, fall back to full compilation.
LINK : warning LNK4098: defaultlib 'LIBCMT' conflicts with use of other libs; use /NODEFAULTLIB:library
  Generating code
  All 358 functions were compiled because no usable IPDB/IOBJ from previous compilation was found.
  Finished generating code
glew32s.lib(glew.obj) : warning LNK4099: PDB 'vc120.pdb' was not found with 'glew32s.lib(glew.obj)' or at 'C:\Users\Thomas Popay\source\repos\Digit Recogniser\OpenGL\Release\vc120.pdb'; linking object as if no debug info
  OpenGL.vcxproj -> C:\Users\Thomas Popay\source\repos\Digit Recogniser\OpenGL\Release\Template.exe
